<?xml version="1.0" encoding="UTF-8"?>
<!-- Generated by org.testng.reporters.JUnitReportReporter -->
<testsuite skipped="0" hostname="LAPTOP-NVQGF7OR" name="testPackage.ConfigJenkin" tests="1" failures="0" timestamp="2021-01-03T23:15:51 IST" time="2.287" errors="0">
  <testcase name="seleniumNewTab" time="2.287" classname="testPackage.ConfigJenkin"/>
  <system-out/>
</testsuite> <!-- testPackage.ConfigJenkin -->
