<?xml version="1.0" encoding="UTF-8"?>
<!-- Generated by org.testng.reporters.JUnitReportReporter -->
<testsuite skipped="0" hostname="LAPTOP-NVQGF7OR" name="testPackage.ConfigJenkin" tests="1" failures="0" timestamp="2020-12-14T18:37:43 IST" time="0.011" errors="0">
  <testcase name="test1" time="0.011" classname="testPackage.ConfigJenkin"/>
  <system-out/>
</testsuite> <!-- testPackage.ConfigJenkin -->
